2021-07-26 02:56:28,438 p=1085 u=root n=ansible | [WARNING]: Unable to parse /root/ansible-aws-vpc/provision-stack/inventory-vpro as an inventory source

2021-07-26 02:56:28,438 p=1085 u=root n=ansible | [WARNING]: No inventory was parsed, only implicit localhost is available

2021-07-26 02:56:28,445 p=1085 u=root n=ansible | [WARNING]: provided hosts list is empty, only localhost is available. Note that the implicit localhost does not match 'all'

2021-07-26 02:56:28,703 p=1085 u=root n=ansible | PLAY [Generate artifact, copy artifact & sql file to files directory] **************************************************************************************************************************
2021-07-26 02:56:28,735 p=1085 u=root n=ansible | TASK [Gathering Facts] *************************************************************************************************************************************************************************
2021-07-26 02:56:29,921 p=1085 u=root n=ansible | ok: [localhost]
2021-07-26 02:56:29,936 p=1085 u=root n=ansible | TASK [Install  jdk, maven, git] ****************************************************************************************************************************************************************
2021-07-26 02:56:36,061 p=1085 u=root n=ansible | ok: [localhost] => (item=git)
2021-07-26 02:57:11,541 p=1085 u=root n=ansible | changed: [localhost] => (item=openjdk-8-jdk)
2021-07-26 02:57:21,348 p=1085 u=root n=ansible | changed: [localhost] => (item=maven)
2021-07-26 02:57:21,361 p=1085 u=root n=ansible | TASK [Clone source code from github] ***********************************************************************************************************************************************************
2021-07-26 02:57:27,616 p=1085 u=root n=ansible | changed: [localhost]
2021-07-26 02:57:27,627 p=1085 u=root n=ansible | TASK [mvn install command to build artifact] ***************************************************************************************************************************************************
2021-07-26 02:58:13,703 p=1085 u=root n=ansible | changed: [localhost]
2021-07-26 02:58:13,725 p=1085 u=root n=ansible | TASK [Copy artifacts to files directory] *******************************************************************************************************************************************************
2021-07-26 02:58:14,831 p=1085 u=root n=ansible | changed: [localhost] => (item=/root/ansible-aws-vpc/provision-stack/Vprofile-repo/target/vprofile-v2.war)
2021-07-26 02:58:14,841 p=1085 u=root n=ansible | TASK [Copy SQL file to files directory] ********************************************************************************************************************************************************
2021-07-26 02:58:15,240 p=1085 u=root n=ansible | changed: [localhost]
2021-07-26 02:58:15,255 p=1085 u=root n=ansible | PLAY RECAP *************************************************************************************************************************************************************************************
2021-07-26 02:58:15,255 p=1085 u=root n=ansible | localhost                  : ok=6    changed=5    unreachable=0    failed=0    skipped=0    rescued=0    ignored=0   
2021-07-26 03:02:36,004 p=6001 u=root n=ansible | [WARNING]: Unable to parse /root/ansible-aws-vpc/provision-stack/inventory-vpro as an inventory source

2021-07-26 03:02:36,005 p=6001 u=root n=ansible | [WARNING]: No inventory was parsed, only implicit localhost is available

2021-07-26 03:02:36,011 p=6001 u=root n=ansible | [WARNING]: provided hosts list is empty, only localhost is available. Note that the implicit localhost does not match 'all'

2021-07-26 03:02:36,311 p=6001 u=root n=ansible | PLAY [Set host to ip mapping in /etc/hosts file of all the instances in the stack] *************************************************************************************************************
2021-07-26 03:02:36,311 p=6001 u=root n=ansible | skipping: no hosts matched
2021-07-26 03:02:36,312 p=6001 u=root n=ansible | PLAY RECAP *************************************************************************************************************************************************************************************
2021-07-26 03:10:00,088 p=6126 u=root n=ansible | PLAY [Set host to ip mapping in /etc/hosts file of all the instances in the stack] *************************************************************************************************************
2021-07-26 03:10:00,119 p=6126 u=root n=ansible | TASK [Gathering Facts] *************************************************************************************************************************************************************************
2021-07-26 03:10:01,930 p=6126 u=root n=ansible | ok: [web01]
2021-07-26 03:10:01,983 p=6126 u=root n=ansible | ok: [cntl]
2021-07-26 03:10:02,407 p=6126 u=root n=ansible | ok: [mc01]
2021-07-26 03:10:02,562 p=6126 u=root n=ansible | ok: [app01]
2021-07-26 03:10:02,578 p=6126 u=root n=ansible | ok: [rmq01]
2021-07-26 03:10:03,994 p=6126 u=root n=ansible | ok: [db01]
2021-07-26 03:10:04,011 p=6126 u=root n=ansible | TASK [Import VPC setup Variable] ***************************************************************************************************************************************************************
2021-07-26 03:10:04,060 p=6126 u=root n=ansible | ok: [cntl]
2021-07-26 03:10:04,082 p=6126 u=root n=ansible | ok: [web01]
2021-07-26 03:10:04,106 p=6126 u=root n=ansible | ok: [app01]
2021-07-26 03:10:04,126 p=6126 u=root n=ansible | ok: [rmq01]
2021-07-26 03:10:04,130 p=6126 u=root n=ansible | ok: [mc01]
2021-07-26 03:10:04,138 p=6126 u=root n=ansible | ok: [db01]
2021-07-26 03:10:04,147 p=6126 u=root n=ansible | TASK [Update hosts file for all the hosts] *****************************************************************************************************************************************************
2021-07-26 03:10:04,930 p=6126 u=root n=ansible | changed: [app01]
2021-07-26 03:10:04,934 p=6126 u=root n=ansible | changed: [web01]
2021-07-26 03:10:04,935 p=6126 u=root n=ansible | changed: [mc01]
2021-07-26 03:10:04,935 p=6126 u=root n=ansible | changed: [rmq01]
2021-07-26 03:10:04,945 p=6126 u=root n=ansible | changed: [cntl]
2021-07-26 03:10:05,213 p=6126 u=root n=ansible | changed: [db01]
2021-07-26 03:10:05,229 p=6126 u=root n=ansible | PLAY RECAP *************************************************************************************************************************************************************************************
2021-07-26 03:10:05,229 p=6126 u=root n=ansible | app01                      : ok=3    changed=1    unreachable=0    failed=0    skipped=0    rescued=0    ignored=0   
2021-07-26 03:10:05,229 p=6126 u=root n=ansible | cntl                       : ok=3    changed=1    unreachable=0    failed=0    skipped=0    rescued=0    ignored=0   
2021-07-26 03:10:05,229 p=6126 u=root n=ansible | db01                       : ok=3    changed=1    unreachable=0    failed=0    skipped=0    rescued=0    ignored=0   
2021-07-26 03:10:05,229 p=6126 u=root n=ansible | mc01                       : ok=3    changed=1    unreachable=0    failed=0    skipped=0    rescued=0    ignored=0   
2021-07-26 03:10:05,230 p=6126 u=root n=ansible | rmq01                      : ok=3    changed=1    unreachable=0    failed=0    skipped=0    rescued=0    ignored=0   
2021-07-26 03:10:05,230 p=6126 u=root n=ansible | web01                      : ok=3    changed=1    unreachable=0    failed=0    skipped=0    rescued=0    ignored=0   
